  Animation.cpp
  AnimationSet.cpp
  Application.cpp
  BindPose.cpp
  Bone.cpp
  DDSTextureLoader.cpp
  DeviceResources.cpp
  DirectionalLight.cpp
  Main.cpp
  Model.cpp
  PointLight.cpp
  ResourceManager.cpp
  Scene.cpp
  SpotLight.cpp
  Window.cpp
  Generating code
  14 of 1140 functions ( 1.2%) were compiled, the rest were copied from previous compilation.
    0 functions were new in current compilation
    5 functions had inline decision re-evaluated but remain unchanged
  Finished generating code
  Ubihard_Project.vcxproj -> E:\Documents\Full Sail\Classes\Month 16\Real Time Animation (PPV)\Ubihard_Project\Bin\x64\Release\Ubihard_Project.exe
  Ubihard_Project.vcxproj -> E:\Documents\Full Sail\Classes\Month 16\Real Time Animation (PPV)\Ubihard_Project\Bin\x64\Release\Ubihard_Project.pdb (Full PDB)
