e:\documents\full sail\classes\month 16\real time animation (ppv)\ubihard_project\ubihard_project\x64\debug\vc140.pdb
e:\documents\full sail\classes\month 16\real time animation (ppv)\ubihard_project\ubihard_project\x64\debug\vc140.idb
e:\documents\full sail\classes\month 16\real time animation (ppv)\ubihard_project\ubihard_project\x64\debug\ddstextureloader.obj
e:\documents\full sail\classes\month 16\real time animation (ppv)\ubihard_project\ubihard_project\x64\debug\deviceresources.obj
e:\documents\full sail\classes\month 16\real time animation (ppv)\ubihard_project\ubihard_project\x64\debug\directionallight.obj
e:\documents\full sail\classes\month 16\real time animation (ppv)\ubihard_project\ubihard_project\x64\debug\light.obj
e:\documents\full sail\classes\month 16\real time animation (ppv)\ubihard_project\ubihard_project\x64\debug\main.obj
e:\documents\full sail\classes\month 16\real time animation (ppv)\ubihard_project\ubihard_project\x64\debug\model.obj
e:\documents\full sail\classes\month 16\real time animation (ppv)\ubihard_project\ubihard_project\x64\debug\pointlight.obj
e:\documents\full sail\classes\month 16\real time animation (ppv)\ubihard_project\ubihard_project\x64\debug\scene.obj
e:\documents\full sail\classes\month 16\real time animation (ppv)\ubihard_project\ubihard_project\x64\debug\spotlight.obj
e:\documents\full sail\classes\month 16\real time animation (ppv)\ubihard_project\ubihard_project\x64\debug\window.obj
d:\users\mlebo\documents\github\rta\ppv\ubihard_project\ubihard_project\x64\debug\vc140.pdb
d:\users\mlebo\documents\github\rta\ppv\ubihard_project\ubihard_project\x64\debug\vc140.idb
d:\users\mlebo\documents\github\rta\ppv\ubihard_project\ubihard_project\x64\debug\ddstextureloader.obj
d:\users\mlebo\documents\github\rta\ppv\ubihard_project\ubihard_project\x64\debug\deviceresources.obj
d:\users\mlebo\documents\github\rta\ppv\ubihard_project\ubihard_project\x64\debug\directionallight.obj
d:\users\mlebo\documents\github\rta\ppv\ubihard_project\ubihard_project\x64\debug\main.obj
d:\users\mlebo\documents\github\rta\ppv\ubihard_project\ubihard_project\x64\debug\model.obj
d:\users\mlebo\documents\github\rta\ppv\ubihard_project\ubihard_project\x64\debug\pointlight.obj
d:\users\mlebo\documents\github\rta\ppv\ubihard_project\ubihard_project\x64\debug\scene.obj
d:\users\mlebo\documents\github\rta\ppv\ubihard_project\ubihard_project\x64\debug\spotlight.obj
d:\users\mlebo\documents\github\rta\ppv\ubihard_project\ubihard_project\x64\debug\window.obj
e:\documents\full sail\classes\month 16\real time animation (ppv)\ubihard_project\x64\debug\ps_basic.cso
e:\documents\full sail\classes\month 16\real time animation (ppv)\ubihard_project\x64\debug\vs_basic.cso
e:\documents\full sail\classes\month 16\real time animation (ppv)\ubihard_project\x64\debug\vs_bind.cso
d:\users\mlebo\documents\github\rta\ppv\ubihard_project\x64\debug\ps_basic.cso
d:\users\mlebo\documents\github\rta\ppv\ubihard_project\x64\debug\vs_basic.cso
d:\users\mlebo\documents\github\rta\ppv\ubihard_project\x64\debug\vs_bind.cso
e:\documents\full sail\classes\month 16\real time animation (ppv)\ubihard_project\x64\debug\ubihard_project.ilk
e:\documents\full sail\classes\month 16\real time animation (ppv)\ubihard_project\x64\debug\ubihard_project.exe
e:\documents\full sail\classes\month 16\real time animation (ppv)\ubihard_project\x64\debug\ubihard_project.pdb
d:\users\mlebo\documents\github\rta\ppv\ubihard_project\x64\debug\ubihard_project.ilk
d:\users\mlebo\documents\github\rta\ppv\ubihard_project\x64\debug\ubihard_project.exe
d:\users\mlebo\documents\github\rta\ppv\ubihard_project\x64\debug\ubihard_project.pdb
d:\users\mlebo\documents\github\rta\ppv\ubihard_project\ubihard_project\x64\debug\light.obj
d:\users\mlebo\documents\github\rta\ppv\ubihard_project\ubihard_project\x64\debug\ubihard_project.tlog\cl.command.1.tlog
d:\users\mlebo\documents\github\rta\ppv\ubihard_project\ubihard_project\x64\debug\ubihard_project.tlog\cl.read.1.tlog
d:\users\mlebo\documents\github\rta\ppv\ubihard_project\ubihard_project\x64\debug\ubihard_project.tlog\cl.write.1.tlog
d:\users\mlebo\documents\github\rta\ppv\ubihard_project\ubihard_project\x64\debug\ubihard_project.tlog\fxc.command.1.tlog
d:\users\mlebo\documents\github\rta\ppv\ubihard_project\ubihard_project\x64\debug\ubihard_project.tlog\fxc.read.1.tlog
d:\users\mlebo\documents\github\rta\ppv\ubihard_project\ubihard_project\x64\debug\ubihard_project.tlog\fxc.write.1.tlog
d:\users\mlebo\documents\github\rta\ppv\ubihard_project\ubihard_project\x64\debug\ubihard_project.tlog\link.command.1.tlog
d:\users\mlebo\documents\github\rta\ppv\ubihard_project\ubihard_project\x64\debug\ubihard_project.tlog\link.read.1.tlog
d:\users\mlebo\documents\github\rta\ppv\ubihard_project\ubihard_project\x64\debug\ubihard_project.tlog\link.write.1.tlog
d:\users\mlebo\documents\github\rta\ppv\ubihard_project\ubihard_project\x64\debug\ubihard_project.tlog\ubihard_project.write.1u.tlog
